  ConsoleApplication1.cpp
C:\Users\T. Adrian\OneDrive - Neumann János Egyetem\Dokumentumok\GitHub\VizualisProg-Beadando\ConsoleApplication1\ConsoleApplication1.cpp(9,5): error C4235: nonstandard extension used: '__asm' keyword not supported on this architecture
C:\Users\T. Adrian\OneDrive - Neumann János Egyetem\Dokumentumok\GitHub\VizualisProg-Beadando\ConsoleApplication1\ConsoleApplication1.cpp(10,9): error C2065: 'mov': undeclared identifier
C:\Users\T. Adrian\OneDrive - Neumann János Egyetem\Dokumentumok\GitHub\VizualisProg-Beadando\ConsoleApplication1\ConsoleApplication1.cpp(10,13): error C2146: syntax error: missing ';' before identifier 'eax'
C:\Users\T. Adrian\OneDrive - Neumann János Egyetem\Dokumentumok\GitHub\VizualisProg-Beadando\ConsoleApplication1\ConsoleApplication1.cpp(10,13): error C2065: 'eax': undeclared identifier
C:\Users\T. Adrian\OneDrive - Neumann János Egyetem\Dokumentumok\GitHub\VizualisProg-Beadando\ConsoleApplication1\ConsoleApplication1.cpp(11,13): error C2065: 'ebx': undeclared identifier
C:\Users\T. Adrian\OneDrive - Neumann János Egyetem\Dokumentumok\GitHub\VizualisProg-Beadando\ConsoleApplication1\ConsoleApplication1.cpp(11,18): error C2065: 'ebx': undeclared identifier
C:\Users\T. Adrian\OneDrive - Neumann János Egyetem\Dokumentumok\GitHub\VizualisProg-Beadando\ConsoleApplication1\ConsoleApplication1.cpp(13,9): error C2146: syntax error: missing ';' before identifier 'reverse_loop'
C:\Users\T. Adrian\OneDrive - Neumann János Egyetem\Dokumentumok\GitHub\VizualisProg-Beadando\ConsoleApplication1\ConsoleApplication1.cpp(14,9): error C2065: 'cmp': undeclared identifier
C:\Users\T. Adrian\OneDrive - Neumann János Egyetem\Dokumentumok\GitHub\VizualisProg-Beadando\ConsoleApplication1\ConsoleApplication1.cpp(14,13): error C2146: syntax error: missing ';' before identifier 'eax'
C:\Users\T. Adrian\OneDrive - Neumann János Egyetem\Dokumentumok\GitHub\VizualisProg-Beadando\ConsoleApplication1\ConsoleApplication1.cpp(14,13): error C2065: 'eax': undeclared identifier
C:\Users\T. Adrian\OneDrive - Neumann János Egyetem\Dokumentumok\GitHub\VizualisProg-Beadando\ConsoleApplication1\ConsoleApplication1.cpp(15,13): error C2146: syntax error: missing ';' before identifier 'je'
C:\Users\T. Adrian\OneDrive - Neumann János Egyetem\Dokumentumok\GitHub\VizualisProg-Beadando\ConsoleApplication1\ConsoleApplication1.cpp(15,13): error C2065: 'je': undeclared identifier
C:\Users\T. Adrian\OneDrive - Neumann János Egyetem\Dokumentumok\GitHub\VizualisProg-Beadando\ConsoleApplication1\ConsoleApplication1.cpp(15,16): error C2146: syntax error: missing ';' before identifier 'done'
C:\Users\T. Adrian\OneDrive - Neumann János Egyetem\Dokumentumok\GitHub\VizualisProg-Beadando\ConsoleApplication1\ConsoleApplication1.cpp(15,16): error C2065: 'done': undeclared identifier
C:\Users\T. Adrian\OneDrive - Neumann János Egyetem\Dokumentumok\GitHub\VizualisProg-Beadando\ConsoleApplication1\ConsoleApplication1.cpp(16,13): error C2146: syntax error: missing ';' before identifier 'mov'
C:\Users\T. Adrian\OneDrive - Neumann János Egyetem\Dokumentumok\GitHub\VizualisProg-Beadando\ConsoleApplication1\ConsoleApplication1.cpp(16,13): error C2065: 'mov': undeclared identifier
C:\Users\T. Adrian\OneDrive - Neumann János Egyetem\Dokumentumok\GitHub\VizualisProg-Beadando\ConsoleApplication1\ConsoleApplication1.cpp(16,17): error C2146: syntax error: missing ';' before identifier 'edx'
C:\Users\T. Adrian\OneDrive - Neumann János Egyetem\Dokumentumok\GitHub\VizualisProg-Beadando\ConsoleApplication1\ConsoleApplication1.cpp(16,17): error C2065: 'edx': undeclared identifier
C:\Users\T. Adrian\OneDrive - Neumann János Egyetem\Dokumentumok\GitHub\VizualisProg-Beadando\ConsoleApplication1\ConsoleApplication1.cpp(17,13): error C2146: syntax error: missing ';' before identifier 'mov'
C:\Users\T. Adrian\OneDrive - Neumann János Egyetem\Dokumentumok\GitHub\VizualisProg-Beadando\ConsoleApplication1\ConsoleApplication1.cpp(17,13): error C2065: 'mov': undeclared identifier
C:\Users\T. Adrian\OneDrive - Neumann János Egyetem\Dokumentumok\GitHub\VizualisProg-Beadando\ConsoleApplication1\ConsoleApplication1.cpp(17,17): error C2146: syntax error: missing ';' before identifier 'ecx'
C:\Users\T. Adrian\OneDrive - Neumann János Egyetem\Dokumentumok\GitHub\VizualisProg-Beadando\ConsoleApplication1\ConsoleApplication1.cpp(17,17): error C2065: 'ecx': undeclared identifier
C:\Users\T. Adrian\OneDrive - Neumann János Egyetem\Dokumentumok\GitHub\VizualisProg-Beadando\ConsoleApplication1\ConsoleApplication1.cpp(18,13): error C2146: syntax error: missing ';' before identifier 'div'
C:\Users\T. Adrian\OneDrive - Neumann János Egyetem\Dokumentumok\GitHub\VizualisProg-Beadando\ConsoleApplication1\ConsoleApplication1.cpp(18,17): error C2146: syntax error: missing ';' before identifier 'ecx'
C:\Users\T. Adrian\OneDrive - Neumann János Egyetem\Dokumentumok\GitHub\VizualisProg-Beadando\ConsoleApplication1\ConsoleApplication1.cpp(18,13): warning C4551: function call missing argument list
C:\Users\T. Adrian\OneDrive - Neumann János Egyetem\Dokumentumok\GitHub\VizualisProg-Beadando\ConsoleApplication1\ConsoleApplication1.cpp(18,17): error C2065: 'ecx': undeclared identifier
C:\Users\T. Adrian\OneDrive - Neumann János Egyetem\Dokumentumok\GitHub\VizualisProg-Beadando\ConsoleApplication1\ConsoleApplication1.cpp(20,13): error C2146: syntax error: missing ';' before identifier 'imul'
C:\Users\T. Adrian\OneDrive - Neumann János Egyetem\Dokumentumok\GitHub\VizualisProg-Beadando\ConsoleApplication1\ConsoleApplication1.cpp(20,13): error C2065: 'imul': undeclared identifier
C:\Users\T. Adrian\OneDrive - Neumann János Egyetem\Dokumentumok\GitHub\VizualisProg-Beadando\ConsoleApplication1\ConsoleApplication1.cpp(20,18): error C2146: syntax error: missing ';' before identifier 'ebx'
C:\Users\T. Adrian\OneDrive - Neumann János Egyetem\Dokumentumok\GitHub\VizualisProg-Beadando\ConsoleApplication1\ConsoleApplication1.cpp(20,18): error C2065: 'ebx': undeclared identifier
C:\Users\T. Adrian\OneDrive - Neumann János Egyetem\Dokumentumok\GitHub\VizualisProg-Beadando\ConsoleApplication1\ConsoleApplication1.cpp(20,23): error C2065: 'ebx': undeclared identifier
C:\Users\T. Adrian\OneDrive - Neumann János Egyetem\Dokumentumok\GitHub\VizualisProg-Beadando\ConsoleApplication1\ConsoleApplication1.cpp(21,13): error C2146: syntax error: missing ';' before identifier 'add'
C:\Users\T. Adrian\OneDrive - Neumann János Egyetem\Dokumentumok\GitHub\VizualisProg-Beadando\ConsoleApplication1\ConsoleApplication1.cpp(21,13): error C2065: 'add': undeclared identifier
C:\Users\T. Adrian\OneDrive - Neumann János Egyetem\Dokumentumok\GitHub\VizualisProg-Beadando\ConsoleApplication1\ConsoleApplication1.cpp(21,17): error C2146: syntax error: missing ';' before identifier 'ebx'
C:\Users\T. Adrian\OneDrive - Neumann János Egyetem\Dokumentumok\GitHub\VizualisProg-Beadando\ConsoleApplication1\ConsoleApplication1.cpp(21,17): error C2065: 'ebx': undeclared identifier
C:\Users\T. Adrian\OneDrive - Neumann János Egyetem\Dokumentumok\GitHub\VizualisProg-Beadando\ConsoleApplication1\ConsoleApplication1.cpp(21,22): error C2065: 'edx': undeclared identifier
C:\Users\T. Adrian\OneDrive - Neumann János Egyetem\Dokumentumok\GitHub\VizualisProg-Beadando\ConsoleApplication1\ConsoleApplication1.cpp(23,13): error C2146: syntax error: missing ';' before identifier 'jmp'
C:\Users\T. Adrian\OneDrive - Neumann János Egyetem\Dokumentumok\GitHub\VizualisProg-Beadando\ConsoleApplication1\ConsoleApplication1.cpp(23,13): error C2065: 'jmp': undeclared identifier
C:\Users\T. Adrian\OneDrive - Neumann János Egyetem\Dokumentumok\GitHub\VizualisProg-Beadando\ConsoleApplication1\ConsoleApplication1.cpp(23,17): error C2146: syntax error: missing ';' before identifier 'reverse_loop'
C:\Users\T. Adrian\OneDrive - Neumann János Egyetem\Dokumentumok\GitHub\VizualisProg-Beadando\ConsoleApplication1\ConsoleApplication1.cpp(23,17): error C2065: 'reverse_loop': undeclared identifier
C:\Users\T. Adrian\OneDrive - Neumann János Egyetem\Dokumentumok\GitHub\VizualisProg-Beadando\ConsoleApplication1\ConsoleApplication1.cpp(25,13): error C2146: syntax error: missing ';' before identifier 'done'
C:\Users\T. Adrian\OneDrive - Neumann János Egyetem\Dokumentumok\GitHub\VizualisProg-Beadando\ConsoleApplication1\ConsoleApplication1.cpp(26,9): error C2065: 'mov': undeclared identifier
C:\Users\T. Adrian\OneDrive - Neumann János Egyetem\Dokumentumok\GitHub\VizualisProg-Beadando\ConsoleApplication1\ConsoleApplication1.cpp(26,13): error C2146: syntax error: missing ';' before identifier 'reversed'
C:\Users\T. Adrian\OneDrive - Neumann János Egyetem\Dokumentumok\GitHub\VizualisProg-Beadando\ConsoleApplication1\ConsoleApplication1.cpp(26,23): error C2065: 'ebx': undeclared identifier
C:\Users\T. Adrian\OneDrive - Neumann János Egyetem\Dokumentumok\GitHub\VizualisProg-Beadando\ConsoleApplication1\ConsoleApplication1.cpp(27,5): error C2143: syntax error: missing ';' before '}'
